<?xml version="1.0" encoding="UTF-8"?>
<!-- Generated by org.testng.reporters.JUnitReportReporter -->
<testsuite skipped="0" hostname="5CG5120QW5" name="arrays.MyArrayCopy" tests="1" failures="0" timestamp="29 May 2018 04:09:40 GMT" time="0.009" errors="0">
  <testcase name="arrayCopyTest" time="0.009" classname="arrays.MyArrayCopy"/>
</testsuite> <!-- arrays.MyArrayCopy -->
