<?xml version="1.0" encoding="UTF-8"?>
<!-- Generated by org.testng.reporters.JUnitReportReporter -->
<testsuite skipped="0" hostname="5CG5120QW5" name="arrays.MyArraySort" tests="1" failures="0" timestamp="29 May 2018 06:59:53 GMT" time="0.016" errors="0">
  <testcase name="ArraySortTest" time="0.016" classname="arrays.MyArraySort"/>
</testsuite> <!-- arrays.MyArraySort -->
